#
# There is insufficient memory for the Java Runtime Environment to continue.
# Native memory allocation (malloc) failed to allocate 32744 bytes for ChunkPool::allocate
# Possible reasons:
#   The system is out of physical RAM or swap space
#   In 32 bit mode, the process size limit was hit
# Possible solutions:
#   Reduce memory load on the system
#   Increase physical memory or swap space
#   Check if swap backing store is full
#   Use 64 bit Java on a 64 bit OS
#   Decrease Java heap size (-Xmx/-Xms)
#   Decrease number of Java threads
#   Decrease Java thread stack sizes (-Xss)
#   Set larger code cache with -XX:ReservedCodeCacheSize=
# This output file may be truncated or incomplete.
#
#  Out of Memory Error (allocation.cpp:273), pid=8952, tid=0x0000000000002178
#
# JRE version: OpenJDK Runtime Environment (8.0_112-b06) (build 1.8.0_112-release-b06)
# Java VM: OpenJDK 64-Bit Server VM (25.112-b06 mixed mode windows-amd64 compressed oops)
# Failed to write core dump. Minidumps are not enabled by default on client versions of Windows
#

---------------  T H R E A D  ---------------

Current thread (0x00000000160ed000):  JavaThread "C2 CompilerThread0" daemon [_thread_in_native, id=8568, stack(0x0000000017730000,0x0000000017830000)]

Stack: [0x0000000017730000,0x0000000017830000]
[error occurred during error reporting (printing stack bounds), id 0xc0000005]

Native frames: (J=compiled Java code, j=interpreted, Vv=VM code, C=native code)


Current CompileTask:
C2: 185608 11297       4       com.android.dx.ssa.SCCP::simulateStmt (481 bytes)


---------------  P R O C E S S  ---------------

Java Threads: ( => current thread )
  0x00000000186ff800 JavaThread "pool-13-thread-4" [_thread_in_Java, id=10264, stack(0x00000000242f0000,0x00000000243f0000)]
  0x00000000186fe000 JavaThread "pool-7-thread-4" [_thread_in_vm, id=5416, stack(0x00000000241f0000,0x00000000242f0000)]
  0x00000000186ff000 JavaThread "pool-7-thread-3" [_thread_in_Java, id=11896, stack(0x00000000240f0000,0x00000000241f0000)]
  0x0000000018700800 JavaThread "pool-13-thread-3" [_thread_in_vm, id=9312, stack(0x0000000023ff0000,0x00000000240f0000)]
  0x00000000186fa800 JavaThread "pool-13-thread-2" [_thread_blocked, id=7368, stack(0x0000000023ef0000,0x0000000023ff0000)]
  0x00000000186fd800 JavaThread "pool-7-thread-2" [_thread_in_Java, id=7940, stack(0x0000000023df0000,0x0000000023ef0000)]
  0x00000000186fc800 JavaThread "pool-14-thread-1" [_thread_blocked, id=5304, stack(0x0000000023cf0000,0x0000000023df0000)]
  0x00000000186fc000 JavaThread "pool-13-thread-1" [_thread_in_Java, id=4652, stack(0x0000000023bf0000,0x0000000023cf0000)]
  0x00000000186fb000 JavaThread "pool-6-thread-4" [_thread_blocked, id=4832, stack(0x0000000023af0000,0x0000000023bf0000)]
  0x00000000186f7800 JavaThread "pool-11-thread-4" [_thread_in_Java, id=7012, stack(0x00000000239f0000,0x0000000023af0000)]
  0x00000000186f8000 JavaThread "pool-11-thread-3" [_thread_in_Java, id=11300, stack(0x00000000238f0000,0x00000000239f0000)]
  0x00000000186f9800 JavaThread "pool-9-thread-4" [_thread_blocked, id=10648, stack(0x00000000237f0000,0x00000000238f0000)]
  0x00000000186f4800 JavaThread "pool-9-thread-3" [_thread_blocked, id=7204, stack(0x00000000236f0000,0x00000000237f0000)]
  0x00000000186f6800 JavaThread "pool-11-thread-2" [_thread_in_Java, id=7816, stack(0x00000000235f0000,0x00000000236f0000)]
  0x00000000186f5000 JavaThread "pool-9-thread-2" [_thread_blocked, id=11764, stack(0x00000000234f0000,0x00000000235f0000)]
  0x00000000186f6000 JavaThread "pool-10-thread-1" [_thread_blocked, id=10732, stack(0x00000000233f0000,0x00000000234f0000)]
  0x00000000182d9000 JavaThread "pool-12-thread-1" [_thread_blocked, id=10848, stack(0x00000000232f0000,0x00000000233f0000)]
  0x00000000182d9800 JavaThread "pool-8-thread-1" [_thread_blocked, id=12264, stack(0x00000000231f0000,0x00000000232f0000)]
  0x00000000182dc000 JavaThread "pool-11-thread-1" [_thread_in_Java, id=9532, stack(0x00000000230f0000,0x00000000231f0000)]
  0x000000001cfe0000 JavaThread "pool-7-thread-1" [_thread_in_vm, id=10428, stack(0x0000000022ff0000,0x00000000230f0000)]
  0x000000001cfdf800 JavaThread "pool-9-thread-1" [_thread_blocked, id=11244, stack(0x0000000022ef0000,0x0000000022ff0000)]
  0x000000001cfde800 JavaThread "pool-6-thread-3" [_thread_blocked, id=12060, stack(0x0000000022df0000,0x0000000022ef0000)]
  0x000000001cfde000 JavaThread "pool-6-thread-2" [_thread_in_vm, id=1112, stack(0x0000000022cf0000,0x0000000022df0000)]
  0x000000001cfdd000 JavaThread "pool-6-thread-1" [_thread_in_vm, id=12108, stack(0x00000000229f0000,0x0000000022af0000)]
  0x000000001cfd9800 JavaThread "pool-5-thread-4" [_thread_blocked, id=7328, stack(0x00000000228f0000,0x00000000229f0000)]
  0x000000001cfdb800 JavaThread "pool-5-thread-3" [_thread_blocked, id=11464, stack(0x00000000227f0000,0x00000000228f0000)]
  0x000000001cfda000 JavaThread "pool-5-thread-2" [_thread_blocked, id=8584, stack(0x00000000226f0000,0x00000000227f0000)]
  0x000000001cfdc800 JavaThread "pool-5-thread-1" [_thread_blocked, id=7456, stack(0x0000000021da0000,0x0000000021ea0000)]
  0x000000001cfd5800 JavaThread "Cache update executor" [_thread_blocked, id=9468, stack(0x000000001cab0000,0x000000001cbb0000)]
  0x000000001cfd7000 JavaThread "Stdin handler" [_thread_blocked, id=10756, stack(0x000000001a2f0000,0x000000001a3f0000)]
  0x000000001cfd6800 JavaThread "Asynchronous log dispatcher for DefaultDaemonConnection: socket connection from /127.0.0.1:64216 to /127.0.0.1:64356" [_thread_blocked, id=7892, stack(0x000000001a1f0000,0x000000001a2f0000)]
  0x000000001cfd8000 JavaThread "Daemon worker Thread 2" [_thread_blocked, id=3556, stack(0x000000001a0f0000,0x000000001a1f0000)]
  0x000000001cfd5000 JavaThread "Cancel handler" [_thread_blocked, id=11624, stack(0x0000000019ff0000,0x000000001a0f0000)]
  0x000000001cfd3800 JavaThread "Handler for socket connection from /127.0.0.1:64216 to /127.0.0.1:64356" [_thread_in_native, id=12180, stack(0x0000000019ef0000,0x0000000019ff0000)]
  0x000000001cfd4000 JavaThread "Daemon Thread 2" [_thread_blocked, id=11848, stack(0x0000000019bf0000,0x0000000019cf0000)]
  0x00000000182df000 JavaThread "pool-2-thread-1" [_thread_blocked, id=10272, stack(0x000000001c790000,0x000000001c890000)]
  0x00000000186d0800 JavaThread "File lock request listener" [_thread_in_native, id=9400, stack(0x000000001b6c0000,0x000000001b7c0000)]
  0x00000000190dd800 JavaThread "pool-1-thread-1" [_thread_blocked, id=9260, stack(0x000000001a3f0000,0x000000001a4f0000)]
  0x0000000018f36800 JavaThread "Incoming local TCP Connector on port 64216" [_thread_in_native, id=1756, stack(0x0000000019a00000,0x0000000019b00000)]
  0x0000000017a50800 JavaThread "Service Thread" daemon [_thread_blocked, id=6976, stack(0x0000000017e30000,0x0000000017f30000)]
  0x00000000160f9000 JavaThread "C1 CompilerThread2" daemon [_thread_in_vm, id=11036, stack(0x0000000017930000,0x0000000017a30000)]
  0x00000000160f0800 JavaThread "C2 CompilerThread1" daemon [_thread_in_native, id=10672, stack(0x0000000017830000,0x0000000017930000)]
=>0x00000000160ed000 JavaThread "C2 CompilerThread0" daemon [_thread_in_native, id=8568, stack(0x0000000017730000,0x0000000017830000)]
  0x00000000160eb800 JavaThread "Attach Listener" daemon [_thread_blocked, id=7832, stack(0x0000000017630000,0x0000000017730000)]
  0x00000000160ea000 JavaThread "Signal Dispatcher" daemon [_thread_blocked, id=10164, stack(0x0000000017530000,0x0000000017630000)]
  0x00000000160d8000 JavaThread "Finalizer" daemon [_thread_blocked, id=8460, stack(0x0000000017350000,0x0000000017450000)]
  0x00000000160b7000 JavaThread "Reference Handler" daemon [_thread_blocked, id=4692, stack(0x0000000017250000,0x0000000017350000)]
  0x0000000002680800 JavaThread "main" [_thread_blocked, id=11968, stack(0x0000000002580000,0x0000000002680000)]

Other Threads:
  0x00000000160b6000 VMThread [stack: 0x0000000017150000,0x0000000017250000] [id=4164]
  0x0000000016104800 WatcherThread [stack: 0x0000000017f30000,0x0000000018030000] [id=7512]

VM state:not at safepoint (normal execution)

VM Mutex/Monitor currently owned by a thread: None

Heap:
 PSYoungGen      total 161280K, used 38659K [0x00000000e0000000, 0x00000000eaf00000, 0x0000000100000000)
  eden space 146432K, 17% used [0x00000000e0000000,0x00000000e1858220,0x00000000e8f00000)
  from space 14848K, 92% used [0x00000000e9f00000,0x00000000eac68cc8,0x00000000ead80000)
  to   space 16384K, 0% used [0x00000000e8f00000,0x00000000e8f00000,0x00000000e9f00000)
 ParOldGen       total 88064K, used 49168K [0x00000000a0000000, 0x00000000a5600000, 0x00000000e0000000)
  object space 88064K, 55% used [0x00000000a0000000,0x00000000a3004260,0x00000000a5600000)
 Metaspace       used 66127K, capacity 68734K, committed 68992K, reserved 1110016K
  class space    used 8730K, capacity 9266K, committed 9344K, reserved 1048576K

Card table byte_map: [0x0000000011b40000,0x0000000011e50000] byte_map_base: 0x0000000011640000

Marking Bits: (ParMarkBitMap*) 0x0000000050a018f0
 Begin Bits: [0x0000000012450000, 0x0000000013c50000)
 End Bits:   [0x0000000013c50000, 0x0000000015450000)

Polling page: 0x00000000008b0000

CodeCache: size=245760Kb used=33494Kb max_used=33527Kb free=212265Kb
 bounds [0x0000000002780000, 0x0000000004860000, 0x0000000011780000]
 total_blobs=10540 nmethods=9754 adapters=697
 compilation: enabled

Compilation events (10 events):
Event: 185.281 Thread 0x00000000160f9000 11255       3       com.android.dx.util.BitIntSet::merge (148 bytes)
Event: 185.282 Thread 0x00000000160f9000 nmethod 11255 0x000000000484ed10 code [0x000000000484efc0, 0x0000000004850188]
Event: 185.282 Thread 0x00000000160f9000 11260       3       com.android.dx.ssa.back.FirstFitLocalCombiningAllocator::addMapping (76 bytes)
Event: 185.415 Thread 0x00000000160ed000 11302       4       com.android.dx.rop.code.BasicBlockList$RegCountVisitor::visit (52 bytes)
Event: 185.416 Thread 0x00000000160f0800 nmethod 11271 0x0000000004853250 code [0x0000000004853440, 0x0000000004854428]
Event: 185.416 Thread 0x00000000160f0800 11292       4       com.android.dx.rop.code.BasicBlockList::labelToBlock (46 bytes)
Event: 185.419 Thread 0x00000000160f0800 nmethod 11292 0x0000000004848a10 code [0x0000000004848b60, 0x0000000004848cb8]
Event: 185.419 Thread 0x00000000160f0800 11304   !   4       com.android.dx.cf.code.BytecodeArray::parseInstruction (2764 bytes)
Event: 185.421 Thread 0x00000000160ed000 nmethod 11302 0x0000000004850f90 code [0x0000000004851100, 0x00000000048513b8]
Event: 185.421 Thread 0x00000000160ed000 11297       4       com.android.dx.ssa.SCCP::simulateStmt (481 bytes)

GC Heap History (10 events):
Event: 80.436 GC heap before
{Heap before GC invocations=23 (full 2):
 PSYoungGen      total 107008K, used 107001K [0x00000000e0000000, 0x00000000e7c00000, 0x0000000100000000)
  eden space 98304K, 100% used [0x00000000e0000000,0x00000000e6000000,0x00000000e6000000)
  from space 8704K, 99% used [0x00000000e6b80000,0x00000000e73fe658,0x00000000e7400000)
  to   space 11776K, 0% used [0x00000000e6000000,0x00000000e6000000,0x00000000e6b80000)
 ParOldGen       total 44544K, used 27596K [0x00000000a0000000, 0x00000000a2b80000, 0x00000000e0000000)
  object space 44544K, 61% used [0x00000000a0000000,0x00000000a1af33f0,0x00000000a2b80000)
 Metaspace       used 53860K, capacity 56128K, committed 56192K, reserved 1097728K
  class space    used 7311K, capacity 7807K, committed 7808K, reserved 1048576K
Event: 81.032 GC heap after
Heap after GC invocations=23 (full 2):
 PSYoungGen      total 110080K, used 11744K [0x00000000e0000000, 0x00000000e9900000, 0x0000000100000000)
  eden space 98304K, 0% used [0x00000000e0000000,0x00000000e0000000,0x00000000e6000000)
  from space 11776K, 99% used [0x00000000e6000000,0x00000000e6b78328,0x00000000e6b80000)
  to   space 16384K, 0% used [0x00000000e8900000,0x00000000e8900000,0x00000000e9900000)
 ParOldGen       total 44544K, used 35492K [0x00000000a0000000, 0x00000000a2b80000, 0x00000000e0000000)
  object space 44544K, 79% used [0x00000000a0000000,0x00000000a22a9338,0x00000000a2b80000)
 Metaspace       used 53860K, capacity 56128K, committed 56192K, reserved 1097728K
  class space    used 7311K, capacity 7807K, committed 7808K, reserved 1048576K
}
Event: 86.678 GC heap before
{Heap before GC invocations=24 (full 2):
 PSYoungGen      total 110080K, used 91379K [0x00000000e0000000, 0x00000000e9900000, 0x0000000100000000)
  eden space 98304K, 81% used [0x00000000e0000000,0x00000000e4dc4c68,0x00000000e6000000)
  from space 11776K, 99% used [0x00000000e6000000,0x00000000e6b78328,0x00000000e6b80000)
  to   space 16384K, 0% used [0x00000000e8900000,0x00000000e8900000,0x00000000e9900000)
 ParOldGen       total 44544K, used 35492K [0x00000000a0000000, 0x00000000a2b80000, 0x00000000e0000000)
  object space 44544K, 79% used [0x00000000a0000000,0x00000000a22a9338,0x00000000a2b80000)
 Metaspace       used 56627K, capacity 58942K, committed 59028K, reserved 1099776K
  class space    used 7645K, capacity 8162K, committed 8192K, reserved 1048576K
Event: 86.701 GC heap after
Heap after GC invocations=24 (full 2):
 PSYoungGen      total 134144K, used 6382K [0x00000000e0000000, 0x00000000e9500000, 0x0000000100000000)
  eden space 121856K, 0% used [0x00000000e0000000,0x00000000e0000000,0x00000000e7700000)
  from space 12288K, 51% used [0x00000000e8900000,0x00000000e8f3bae0,0x00000000e9500000)
  to   space 15360K, 0% used [0x00000000e7700000,0x00000000e7700000,0x00000000e8600000)
 ParOldGen       total 46592K, used 45951K [0x00000000a0000000, 0x00000000a2d80000, 0x00000000e0000000)
  object space 46592K, 98% used [0x00000000a0000000,0x00000000a2cdfe08,0x00000000a2d80000)
 Metaspace       used 56627K, capacity 58942K, committed 59028K, reserved 1099776K
  class space    used 7645K, capacity 8162K, committed 8192K, reserved 1048576K
}
Event: 86.701 GC heap before
{Heap before GC invocations=25 (full 3):
 PSYoungGen      total 134144K, used 6382K [0x00000000e0000000, 0x00000000e9500000, 0x0000000100000000)
  eden space 121856K, 0% used [0x00000000e0000000,0x00000000e0000000,0x00000000e7700000)
  from space 12288K, 51% used [0x00000000e8900000,0x00000000e8f3bae0,0x00000000e9500000)
  to   space 15360K, 0% used [0x00000000e7700000,0x00000000e7700000,0x00000000e8600000)
 ParOldGen       total 46592K, used 45951K [0x00000000a0000000, 0x00000000a2d80000, 0x00000000e0000000)
  object space 46592K, 98% used [0x00000000a0000000,0x00000000a2cdfe08,0x00000000a2d80000)
 Metaspace       used 56627K, capacity 58942K, committed 59028K, reserved 1099776K
  class space    used 7645K, capacity 8162K, committed 8192K, reserved 1048576K
Event: 87.141 GC heap after
Heap after GC invocations=25 (full 3):
 PSYoungGen      total 134144K, used 0K [0x00000000e0000000, 0x00000000e9500000, 0x0000000100000000)
  eden space 121856K, 0% used [0x00000000e0000000,0x00000000e0000000,0x00000000e7700000)
  from space 12288K, 0% used [0x00000000e8900000,0x00000000e8900000,0x00000000e9500000)
  to   space 15360K, 0% used [0x00000000e7700000,0x00000000e7700000,0x00000000e8600000)
 ParOldGen       total 88064K, used 44822K [0x00000000a0000000, 0x00000000a5600000, 0x00000000e0000000)
  object space 88064K, 50% used [0x00000000a0000000,0x00000000a2bc5ad0,0x00000000a5600000)
 Metaspace       used 56627K, capacity 58942K, committed 59028K, reserved 1099776K
  class space    used 7645K, capacity 8162K, committed 8192K, reserved 1048576K
}
Event: 174.148 GC heap before
{Heap before GC invocations=26 (full 3):
 PSYoungGen      total 134144K, used 121856K [0x00000000e0000000, 0x00000000e9500000, 0x0000000100000000)
  eden space 121856K, 100% used [0x00000000e0000000,0x00000000e7700000,0x00000000e7700000)
  from space 12288K, 0% used [0x00000000e8900000,0x00000000e8900000,0x00000000e9500000)
  to   space 15360K, 0% used [0x00000000e7700000,0x00000000e7700000,0x00000000e8600000)
 ParOldGen       total 88064K, used 44822K [0x00000000a0000000, 0x00000000a5600000, 0x00000000e0000000)
  object space 88064K, 50% used [0x00000000a0000000,0x00000000a2bc5ad0,0x00000000a5600000)
 Metaspace       used 58105K, capacity 60674K, committed 60928K, reserved 1101824K
  class space    used 7816K, capacity 8346K, committed 8448K, reserved 1048576K
Event: 174.160 GC heap after
Heap after GC invocations=26 (full 3):
 PSYoungGen      total 137216K, used 6215K [0x00000000e0000000, 0x00000000ead80000, 0x0000000100000000)
  eden space 121856K, 0% used [0x00000000e0000000,0x00000000e0000000,0x00000000e7700000)
  from space 15360K, 40% used [0x00000000e7700000,0x00000000e7d11f98,0x00000000e8600000)
  to   space 14848K, 0% used [0x00000000e9f00000,0x00000000e9f00000,0x00000000ead80000)
 ParOldGen       total 88064K, used 44830K [0x00000000a0000000, 0x00000000a5600000, 0x00000000e0000000)
  object space 88064K, 50% used [0x00000000a0000000,0x00000000a2bc7ad0,0x00000000a5600000)
 Metaspace       used 58105K, capacity 60674K, committed 60928K, reserved 1101824K
  class space    used 7816K, capacity 8346K, committed 8448K, reserved 1048576K
}
Event: 185.314 GC heap before
{Heap before GC invocations=27 (full 3):
 PSYoungGen      total 137216K, used 128071K [0x00000000e0000000, 0x00000000ead80000, 0x0000000100000000)
  eden space 121856K, 100% used [0x00000000e0000000,0x00000000e7700000,0x00000000e7700000)
  from space 15360K, 40% used [0x00000000e7700000,0x00000000e7d11f98,0x00000000e8600000)
  to   space 14848K, 0% used [0x00000000e9f00000,0x00000000e9f00000,0x00000000ead80000)
 ParOldGen       total 88064K, used 44830K [0x00000000a0000000, 0x00000000a5600000, 0x00000000e0000000)
  object space 88064K, 50% used [0x00000000a0000000,0x00000000a2bc7ad0,0x00000000a5600000)
 Metaspace       used 66054K, capacity 68670K, committed 68992K, reserved 1110016K
  class space    used 8728K, capacity 9266K, committed 9344K, reserved 1048576K
Event: 185.408 GC heap after
Heap after GC invocations=27 (full 3):
 PSYoungGen      total 161280K, used 13731K [0x00000000e0000000, 0x00000000eaf00000, 0x0000000100000000)
  eden space 146432K, 0% used [0x00000000e0000000,0x00000000e0000000,0x00000000e8f00000)
  from space 14848K, 92% used [0x00000000e9f00000,0x00000000eac68cc8,0x00000000ead80000)
  to   space 16384K, 0% used [0x00000000e8f00000,0x00000000e8f00000,0x00000000e9f00000)
 ParOldGen       total 88064K, used 49168K [0x00000000a0000000, 0x00000000a5600000, 0x00000000e0000000)
  object space 88064K, 55% used [0x00000000a0000000,0x00000000a3004260,0x00000000a5600000)
 Metaspace       used 66054K, capacity 68670K, committed 68992K, reserved 1110016K
  class space    used 8728K, capacity 9266K, committed 9344K, reserved 1048576K
}

Deoptimization events (10 events):
Event: 185.045 Thread 0x000000001cfde800 Uncommon trap: reason=unstable_if action=reinterpret pc=0x000000000405585c method=java.util.concurrent.locks.AbstractQueuedSynchronizer.acquireQueued(Ljava/util/concurrent/locks/AbstractQueuedSynchronizer$Node;I)Z @ 17
Event: 185.057 Thread 0x00000000186fa800 Uncommon trap: reason=unstable_if action=reinterpret pc=0x00000000046ac2b8 method=java.util.BitSet.ensureCapacity(I)V @ 6
Event: 185.087 Thread 0x00000000186ff000 Uncommon trap: reason=class_check action=maybe_recompile pc=0x0000000004705ce0 method=com.android.dx.ssa.NormalSsaInsn.accept(Lcom/android/dx/ssa/SsaInsn$Visitor;)V @ 9
Event: 185.087 Thread 0x00000000186ff000 Uncommon trap: reason=class_check action=maybe_recompile pc=0x0000000004705ce0 method=com.android.dx.ssa.NormalSsaInsn.accept(Lcom/android/dx/ssa/SsaInsn$Visitor;)V @ 9
Event: 185.087 Thread 0x00000000186ff000 Uncommon trap: reason=class_check action=maybe_recompile pc=0x0000000004705ce0 method=com.android.dx.ssa.NormalSsaInsn.accept(Lcom/android/dx/ssa/SsaInsn$Visitor;)V @ 9
Event: 185.088 Thread 0x00000000186ff000 Uncommon trap: reason=class_check action=maybe_recompile pc=0x0000000004705ce0 method=com.android.dx.ssa.NormalSsaInsn.accept(Lcom/android/dx/ssa/SsaInsn$Visitor;)V @ 9
Event: 185.088 Thread 0x00000000186ff000 Uncommon trap: reason=class_check action=maybe_recompile pc=0x00000000046f763c method=com.android.dx.ssa.NormalSsaInsn.accept(Lcom/android/dx/ssa/SsaInsn$Visitor;)V @ 9
Event: 185.431 Thread 0x0000000018700800 Uncommon trap: reason=class_check action=maybe_recompile pc=0x0000000004710d30 method=com.android.dx.rop.type.Type.equals(Ljava/lang/Object;)Z @ 8
Event: 185.437 Thread 0x0000000018700800 Uncommon trap: reason=class_check action=maybe_recompile pc=0x0000000004710d30 method=com.android.dx.rop.type.Type.equals(Ljava/lang/Object;)Z @ 8
Event: 185.437 Thread 0x0000000018700800 Uncommon trap: reason=class_check action=maybe_recompile pc=0x0000000004710d30 method=com.android.dx.rop.type.Type.equals(Ljava/lang/Object;)Z @ 8

Internal exceptions (10 events):
Event: 181.258 Thread 0x000000001cfdc800 Exception <a 'sun/nio/fs/WindowsException'> (0x00000000e4fff0a0) thrown at [C:\src\android\AOSP-openjdk\external\jetbrains\jdk\hotspot\src\share\vm\prims\jni.cpp, line 709]
Event: 181.834 Thread 0x000000001cfda000 Exception <a 'sun/nio/fs/WindowsException'> (0x00000000e5093a48) thrown at [C:\src\android\AOSP-openjdk\external\jetbrains\jdk\hotspot\src\share\vm\prims\jni.cpp, line 709]
Event: 182.524 Thread 0x000000001cfda000 Exception <a 'sun/nio/fs/WindowsException'> (0x00000000e5202108) thrown at [C:\src\android\AOSP-openjdk\external\jetbrains\jdk\hotspot\src\share\vm\prims\jni.cpp, line 709]
Event: 182.608 Thread 0x000000001cfdc800 Exception <a 'sun/nio/fs/WindowsException'> (0x00000000e55ece70) thrown at [C:\src\android\AOSP-openjdk\external\jetbrains\jdk\hotspot\src\share\vm\prims\jni.cpp, line 709]
Event: 182.752 Thread 0x000000001cfdc800 Exception <a 'sun/nio/fs/WindowsException'> (0x00000000e56088b8) thrown at [C:\src\android\AOSP-openjdk\external\jetbrains\jdk\hotspot\src\share\vm\prims\jni.cpp, line 709]
Event: 182.909 Thread 0x000000001cfdc800 Exception <a 'sun/nio/fs/WindowsException'> (0x00000000e56243d8) thrown at [C:\src\android\AOSP-openjdk\external\jetbrains\jdk\hotspot\src\share\vm\prims\jni.cpp, line 709]
Event: 183.102 Thread 0x000000001cfdc800 Exception <a 'sun/nio/fs/WindowsException'> (0x00000000e59b1cb8) thrown at [C:\src\android\AOSP-openjdk\external\jetbrains\jdk\hotspot\src\share\vm\prims\jni.cpp, line 709]
Event: 183.243 Thread 0x000000001cfdc800 Exception <a 'sun/nio/fs/WindowsException'> (0x00000000e59cd790) thrown at [C:\src\android\AOSP-openjdk\external\jetbrains\jdk\hotspot\src\share\vm\prims\jni.cpp, line 709]
Event: 183.406 Thread 0x000000001cfdc800 Exception <a 'sun/nio/fs/WindowsException'> (0x00000000e5bc80d8) thrown at [C:\src\android\AOSP-openjdk\external\jetbrains\jdk\hotspot\src\share\vm\prims\jni.cpp, line 709]
Event: 183.591 Thread 0x000000001cfdc800 Exception <a 'sun/nio/fs/WindowsException'> (0x00000000e5be3b20) thrown at [C:\src\android\AOSP-openjdk\external\jetbrains\jdk\hotspot\src\share\vm\prims\jni.cpp, line 709]

Events (10 events):
Event: 185.437 Thread 0x0000000018700800 DEOPT UNPACKING pc=0x00000000027c556a sp=0x00000000240ee578 mode 2
Event: 185.437 Thread 0x0000000018700800 Uncommon trap: trap_request=0xffffffde fr.pc=0x0000000004710d30
Event: 185.437 Thread 0x0000000018700800 DEOPT PACKING pc=0x0000000004710d30 sp=0x00000000240ee5e0
Event: 185.437 Thread 0x0000000018700800 DEOPT UNPACKING pc=0x00000000027c556a sp=0x00000000240ee578 mode 2
Event: 185.439 Thread 0x0000000018700800 DEOPT PACKING pc=0x000000000470028a sp=0x00000000240ee770
Event: 185.439 Thread 0x0000000018700800 DEOPT UNPACKING pc=0x00000000027c75bf sp=0x00000000240ee4d8 mode 0
Event: 185.452 Thread 0x00000000186f6800 DEOPT PACKING pc=0x000000000470028a sp=0x00000000236ee540
Event: 185.452 Thread 0x00000000186f6800 DEOPT UNPACKING pc=0x00000000027c75bf sp=0x00000000236ee2a8 mode 0
Event: 185.466 loading class com/android/dx/cf/code/SwitchList
Event: 185.466 loading class com/android/dx/cf/code/SwitchList done


Dynamic libraries:
0x00007ff7c1720000 - 0x00007ff7c1751000 	E:\Android\AndroidStudio\jre\bin\java.exe
0x00007ff890540000 - 0x00007ff8906ed000 	C:\Windows\SYSTEM32\ntdll.dll
0x00007ff88e2f0000 - 0x00007ff88e42e000 	C:\Windows\system32\KERNEL32.DLL
0x00007ff88da70000 - 0x00007ff88db85000 	C:\Windows\system32\KERNELBASE.dll
0x00007ff890410000 - 0x00007ff8904ba000 	C:\Windows\system32\ADVAPI32.dll
0x00007ff88dc90000 - 0x00007ff88de07000 	C:\Windows\system32\USER32.dll
0x00007ff88b720000 - 0x00007ff88b99b000 	C:\Windows\WinSxS\amd64_microsoft.windows.common-controls_6595b64144ccf1df_6.0.9600.18006_none_623f33d3ecbe86e8\COMCTL32.dll
0x00007ff88e020000 - 0x00007ff88e0ca000 	C:\Windows\system32\msvcrt.dll
0x00007ff88eb30000 - 0x00007ff88eb89000 	C:\Windows\SYSTEM32\sechost.dll
0x00007ff88eda0000 - 0x00007ff88eee0000 	C:\Windows\system32\RPCRT4.dll
0x00007ff88ded0000 - 0x00007ff88e01b000 	C:\Windows\system32\GDI32.dll
0x00007ff88db90000 - 0x00007ff88dbbe000 	C:\Windows\system32\SspiCli.dll
0x00007ff88e490000 - 0x00007ff88e4c6000 	C:\Windows\system32\IMM32.DLL
0x00007ff88e690000 - 0x00007ff88e7e2000 	C:\Windows\system32\MSCTF.dll
0x00007ff88d610000 - 0x00007ff88d641000 	C:\Windows\system32\nvinitx.dll
0x00007ff88d600000 - 0x00007ff88d60a000 	C:\Windows\SYSTEM32\VERSION.dll
0x00000000540d0000 - 0x00000000540d6000 	C:\Program Files\NVIDIA Corporation\CoProcManager\_etoured.dll
0x00007ff88b630000 - 0x00007ff88b662000 	C:\Program Files\NVIDIA Corporation\CoProcManager\nvd3d9wrapx.dll
0x00007ff88e920000 - 0x00007ff88eafa000 	C:\Windows\system32\SETUPAPI.dll
0x00007ff88d730000 - 0x00007ff88d77f000 	C:\Windows\system32\CFGMGR32.dll
0x00007ff88b5c0000 - 0x00007ff88b5e2000 	C:\Program Files\NVIDIA Corporation\CoProcManager\nvdxgiwrapx.dll
0x0000000050f50000 - 0x0000000051022000 	E:\Android\AndroidStudio\jre\jre\bin\msvcr100.dll
0x0000000050240000 - 0x0000000050a7c000 	E:\Android\AndroidStudio\jre\jre\bin\server\jvm.dll
0x00007ff882380000 - 0x00007ff882389000 	C:\Windows\SYSTEM32\WSOCK32.dll
0x00007ff88a4e0000 - 0x00007ff88a502000 	C:\Windows\SYSTEM32\WINMM.dll
0x00007ff88eb20000 - 0x00007ff88eb27000 	C:\Windows\system32\PSAPI.DLL
0x00007ff88e430000 - 0x00007ff88e48a000 	C:\Windows\system32\WS2_32.dll
0x00007ff88a4b0000 - 0x00007ff88a4da000 	C:\Windows\SYSTEM32\WINMMBASE.dll
0x00007ff890530000 - 0x00007ff890539000 	C:\Windows\system32\NSI.dll
0x00007ff88c430000 - 0x00007ff88c458000 	C:\Windows\SYSTEM32\DEVOBJ.dll
0x00007ff885260000 - 0x00007ff88526f000 	E:\Android\AndroidStudio\jre\jre\bin\verify.dll
0x00007ff87fca0000 - 0x00007ff87fcc9000 	E:\Android\AndroidStudio\jre\jre\bin\java.dll
0x00007ff884fd0000 - 0x00007ff884fe6000 	E:\Android\AndroidStudio\jre\jre\bin\zip.dll
0x00007ff88eee0000 - 0x00007ff890409000 	C:\Windows\system32\SHELL32.dll
0x00007ff88e0d0000 - 0x00007ff88e2e2000 	C:\Windows\SYSTEM32\combase.dll
0x00007ff88e8c0000 - 0x00007ff88e914000 	C:\Windows\system32\SHLWAPI.dll
0x00007ff88bba0000 - 0x00007ff88bc52000 	C:\Windows\SYSTEM32\SHCORE.dll
0x00007ff88d660000 - 0x00007ff88d675000 	C:\Windows\SYSTEM32\profapi.dll
0x00007ff883aa0000 - 0x00007ff883aba000 	E:\Android\AndroidStudio\jre\jre\bin\net.dll
0x00007ff88cf10000 - 0x00007ff88cf69000 	C:\Windows\system32\mswsock.dll
0x00007ff880e00000 - 0x00007ff880e11000 	E:\Android\AndroidStudio\jre\jre\bin\nio.dll
0x00007ff87a8c0000 - 0x00007ff87a8de000 	C:\Users\Might\.gradle\native\23\windows-amd64\native-platform.dll
0x00007ff88cf70000 - 0x00007ff88cf90000 	C:\Windows\SYSTEM32\CRYPTSP.dll
0x00007ff88cb40000 - 0x00007ff88cb76000 	C:\Windows\system32\rsaenh.dll
0x00007ff88d1c0000 - 0x00007ff88d1e6000 	C:\Windows\SYSTEM32\bcrypt.dll
0x00007ff88cc50000 - 0x00007ff88cc71000 	C:\Windows\SYSTEM32\USERENV.dll
0x00007ff88d4e0000 - 0x00007ff88d543000 	C:\Windows\system32\bcryptprimitives.dll
0x00007ff88d550000 - 0x00007ff88d55b000 	C:\Windows\SYSTEM32\CRYPTBASE.dll
0x00007ff887970000 - 0x00007ff88799a000 	C:\Windows\SYSTEM32\IPHLPAPI.DLL
0x00007ff8878d0000 - 0x00007ff8878da000 	C:\Windows\SYSTEM32\WINNSI.DLL
0x00007ff887120000 - 0x00007ff887136000 	C:\Windows\SYSTEM32\dhcpcsvc6.DLL
0x00007ff8873a0000 - 0x00007ff8873ba000 	C:\Windows\SYSTEM32\dhcpcsvc.DLL
0x00007ff884ef0000 - 0x00007ff884efd000 	E:\Android\AndroidStudio\jre\jre\bin\management.dll
0x00007ff887c40000 - 0x00007ff887c72000 	C:\Windows\SYSTEM32\ntmarta.dll

VM Arguments:
jvm_args: -Xmx1536m -Dfile.encoding=windows-1251 -Duser.country=RU -Duser.language=ru -Duser.variant 
java_command: org.gradle.launcher.daemon.bootstrap.GradleDaemon 3.3
java_class_path (initial): C:\Users\Might\.gradle\wrapper\dists\gradle-3.3-all\55gk2rcmfc6p2dg9u9ohc3hw9\gradle-3.3\lib\gradle-launcher-3.3.jar
Launcher Type: SUN_STANDARD

Environment Variables:
PATH=C:\ProgramData\Oracle\Java\javapath;C:\Program Files (x86)\NVIDIA Corporation\PhysX\Common;C:\Users\Might\AppData\Local\Xuggle\bin;C:\Windows\SYSTEM32;C:\Windows;C:\Windows\SYSTEM32\WBEM;C:\Windows\SYSTEM32\WINDOWSPOWERSHELL\V1.0\;C:\PROGRAM FILES (X86)\INTEL\OPENCL SDK\2.0\BIN\X86;C:\PROGRAM FILES (X86)\INTEL\OPENCL SDK\2.0\BIN\X64;C:\PROGRAM FILES (X86)\SKYPE\PHONE\;C:\Program Files (x86)\Common Files\Acronis\SnapAPI\;C:\Program Files (x86)\QuickTime\QTSystem\;D:\Git\cmd;E:\Program Files\Git\cmd;
USERNAME=Might
OS=Windows_NT
PROCESSOR_IDENTIFIER=Intel64 Family 6 Model 42 Stepping 7, GenuineIntel



---------------  S Y S T E M  ---------------

OS: Windows 8.1 , 64 bit Build 9600 (6.3.9600.17415)

CPU:total 4 (2 cores per cpu, 2 threads per core) family 6 model 42 stepping 7, cmov, cx8, fxsr, mmx, sse, sse2, sse3, ssse3, sse4.1, sse4.2, popcnt, avx, aes, clmul, ht, tsc, tscinvbit

Memory: 4k page, physical 4098092k(431296k free), swap 7243820k(4844k free)

vm_info: OpenJDK 64-Bit Server VM (25.112-b06) for windows-amd64 JRE (1.8.0_112-release-b06), built on Dec  8 2016 00:54:26 by "builder" with MS VC++ 10.0 (VS2010)

time: Mon Sep 11 21:54:19 2017
elapsed time: 185 seconds (0d 0h 3m 5s)

